{"numFailedTestSuites":0,"numFailedTests":0,"numPassedTestSuites":2,"numPassedTests":2,"numPendingTestSuites":0,"numPendingTests":0,"numRuntimeErrorTestSuites":0,"numTotalTestSuites":2,"numTotalTests":2,"openHandles":[],"snapshot":{"added":0,"didUpdate":false,"failure":false,"filesAdded":0,"filesRemoved":0,"filesUnmatched":0,"filesUpdated":0,"matched":0,"total":0,"unchecked":0,"uncheckedKeysByFile":[],"unmatched":0,"updated":0},"startTime":1584629432657,"success":true,"testResults":[{"console":null,"failureMessage":null,"numFailingTests":0,"numPassingTests":1,"numPendingTests":0,"perfStats":{"end":1584629438643,"start":1584629432745},"snapshot":{"added":0,"fileDeleted":false,"matched":0,"unchecked":0,"unmatched":0,"updated":0,"uncheckedKeys":[]},"testFilePath":"/Users/danny/code/elevation/tests/ajax-apis-evaluation/tests/exercises/ex-2.test.js","testResults":[{"ancestorTitles":["exercise-2"],"duration":4070,"failureMessages":[],"fullName":"exercise-2 You should append a 'p' element to the 'div' with id 'result' letting the user know the breed was 'not found' if the user enters a breed that is not valid.","location":null,"numPassingAsserts":0,"status":"passed","title":"You should append a 'p' element to the 'div' with id 'result' letting the user know the breed was 'not found' if the user enters a breed that is not valid."}],"sourceMaps":{},"skipped":false,"leaks":false},{"console":null,"failureMessage":null,"numFailingTests":0,"numPassingTests":1,"numPendingTests":0,"perfStats":{"end":1584629443023,"start":1584629438657},"snapshot":{"added":0,"fileDeleted":false,"matched":0,"unchecked":0,"unmatched":0,"updated":0,"uncheckedKeys":[]},"testFilePath":"/Users/danny/code/elevation/tests/ajax-apis-evaluation/tests/exercises/ex-1.test.js","testResults":[{"ancestorTitles":["exercise-1"],"duration":4045,"failureMessages":[],"fullName":"exercise-1 When clicking on the 'Search' button, you should make an API request to the Dog API with the breed from the input","location":null,"numPassingAsserts":0,"status":"passed","title":"When clicking on the 'Search' button, you should make an API request to the Dog API with the breed from the input"}],"sourceMaps":{},"skipped":false,"leaks":false}],"wasInterrupted":false}