{"numFailedTestSuites":0,"numFailedTests":0,"numPassedTestSuites":3,"numPassedTests":3,"numPendingTestSuites":0,"numPendingTests":0,"numRuntimeErrorTestSuites":0,"numTotalTestSuites":3,"numTotalTests":3,"openHandles":[],"snapshot":{"added":0,"didUpdate":false,"failure":false,"filesAdded":0,"filesRemoved":0,"filesUnmatched":0,"filesUpdated":0,"matched":0,"total":0,"unchecked":0,"uncheckedKeysByFile":[],"unmatched":0,"updated":0},"startTime":1577967139287,"success":true,"testResults":[{"console":null,"failureMessage":null,"numFailingTests":0,"numPassingTests":1,"numPendingTests":0,"perfStats":{"end":1577967140798,"start":1577967139325},"snapshot":{"added":0,"fileDeleted":false,"matched":0,"unchecked":0,"unmatched":0,"updated":0,"uncheckedKeys":[]},"testFilePath":"/Users/danny/code/elevation/tests/selenium-test/tests/exercises/ex-3.test.js","testResults":[{"ancestorTitles":["exercise-2"],"duration":54,"failureMessages":[],"fullName":"exercise-2 Should calculate the amount of 'box'es on the web page and add the number as a p to the div with an id of 'total","location":null,"numPassingAsserts":0,"status":"passed","title":"Should calculate the amount of 'box'es on the web page and add the number as a p to the div with an id of 'total"}],"sourceMaps":{},"skipped":false,"leaks":false},{"console":null,"failureMessage":null,"numFailingTests":0,"numPassingTests":1,"numPendingTests":0,"perfStats":{"end":1577967141214,"start":1577967140819},"snapshot":{"added":0,"fileDeleted":false,"matched":0,"unchecked":0,"unmatched":0,"updated":0,"uncheckedKeys":[]},"testFilePath":"/Users/danny/code/elevation/tests/selenium-test/tests/exercises/ex-2.test.js","testResults":[{"ancestorTitles":["exercise-2"],"duration":27,"failureMessages":[],"fullName":"exercise-2 Should calculate the amount of 'box'es on the web page and add the number as a p to the div with an id of 'total","location":null,"numPassingAsserts":0,"status":"passed","title":"Should calculate the amount of 'box'es on the web page and add the number as a p to the div with an id of 'total"}],"sourceMaps":{},"skipped":false,"leaks":false},{"console":null,"failureMessage":null,"numFailingTests":0,"numPassingTests":1,"numPendingTests":0,"perfStats":{"end":1577967141482,"start":1577967141222},"snapshot":{"added":0,"fileDeleted":false,"matched":0,"unchecked":0,"unmatched":0,"updated":0,"uncheckedKeys":[]},"testFilePath":"/Users/danny/code/elevation/tests/selenium-test/tests/exercises/ex-1.test.js","testResults":[{"ancestorTitles":["exercise-1"],"duration":16,"failureMessages":[],"fullName":"exercise-1 Should add any numbers of div's to the web page inside the div with id of 'boxes'","location":null,"numPassingAsserts":0,"status":"passed","title":"Should add any numbers of div's to the web page inside the div with id of 'boxes'"}],"sourceMaps":{},"skipped":false,"leaks":false}],"wasInterrupted":false}